[debug] [2021-02-28T01:06:01.766Z] ----------------------------------------------------------------------
[debug] [2021-02-28T01:06:01.768Z] Command:       /usr/local/Cellar/node/15.8.0/bin/node /usr/local/bin/firebase deploy --only functions
[debug] [2021-02-28T01:06:01.768Z] CLI Version:   9.5.0
[debug] [2021-02-28T01:06:01.769Z] Platform:      darwin
[debug] [2021-02-28T01:06:01.769Z] Node Version:  v15.8.0
[debug] [2021-02-28T01:06:01.770Z] Time:          Sun Feb 28 2021 02:06:01 GMT+0100 (Central European Standard Time)
[debug] [2021-02-28T01:06:01.770Z] ----------------------------------------------------------------------
[debug] [2021-02-28T01:06:01.770Z] 
[debug] [2021-02-28T01:06:01.777Z] > command requires scopes: ["email","openid","https://www.googleapis.com/auth/cloudplatformprojects.readonly","https://www.googleapis.com/auth/firebase","https://www.googleapis.com/auth/cloud-platform"]
[debug] [2021-02-28T01:06:01.777Z] > authorizing via signed-in user
[debug] [2021-02-28T01:06:01.777Z] [iam] checking project spotifyquiz-5b7ad for permissions ["cloudfunctions.functions.create","cloudfunctions.functions.delete","cloudfunctions.functions.get","cloudfunctions.functions.list","cloudfunctions.functions.update","cloudfunctions.operations.get","firebase.projects.get"]
[debug] [2021-02-28T01:06:01.779Z] > refreshing access token with scopes: ["email","https://www.googleapis.com/auth/cloud-platform","https://www.googleapis.com/auth/cloudplatformprojects.readonly","https://www.googleapis.com/auth/firebase","openid"]
[debug] [2021-02-28T01:06:01.780Z] >>> HTTP REQUEST POST https://www.googleapis.com/oauth2/v3/token  
 <request body omitted>
[debug] [2021-02-28T01:06:01.860Z] <<< HTTP RESPONSE 200 {"cache-control":"no-cache, no-store, max-age=0, must-revalidate","date":"Sun, 28 Feb 2021 01:06:01 GMT","pragma":"no-cache","expires":"Mon, 01 Jan 1990 00:00:00 GMT","content-type":"application/json; charset=utf-8","vary":"X-Origin, Referer, Origin,Accept-Encoding","server":"scaffolding on HTTPServer2","x-xss-protection":"0","x-frame-options":"SAMEORIGIN","x-content-type-options":"nosniff","alt-svc":"h3-29=\":443\"; ma=2592000,h3-T051=\":443\"; ma=2592000,h3-Q050=\":443\"; ma=2592000,h3-Q046=\":443\"; ma=2592000,h3-Q043=\":443\"; ma=2592000,quic=\":443\"; ma=2592000; v=\"46,43\"","accept-ranges":"none","transfer-encoding":"chunked"}
[debug] [2021-02-28T01:06:01.876Z] >>> HTTP REQUEST POST https://cloudresourcemanager.googleapis.com/v1/projects/spotifyquiz-5b7ad:testIamPermissions  
 {"permissions":["cloudfunctions.functions.create","cloudfunctions.functions.delete","cloudfunctions.functions.get","cloudfunctions.functions.list","cloudfunctions.functions.update","cloudfunctions.operations.get","firebase.projects.get"]}
[debug] [2021-02-28T01:06:02.548Z] <<< HTTP RESPONSE 200 {"content-type":"application/json; charset=UTF-8","vary":"X-Origin, Referer, Origin,Accept-Encoding","date":"Sun, 28 Feb 2021 01:06:02 GMT","server":"ESF","cache-control":"private","x-xss-protection":"0","x-frame-options":"SAMEORIGIN","x-content-type-options":"nosniff","server-timing":"gfet4t7; dur=642","alt-svc":"h3-29=\":443\"; ma=2592000,h3-T051=\":443\"; ma=2592000,h3-Q050=\":443\"; ma=2592000,h3-Q046=\":443\"; ma=2592000,h3-Q043=\":443\"; ma=2592000,quic=\":443\"; ma=2592000; v=\"46,43\"","accept-ranges":"none","transfer-encoding":"chunked"}
[debug] [2021-02-28T01:06:02.550Z] >>> HTTP REQUEST POST https://iam.googleapis.com/v1/projects/spotifyquiz-5b7ad/serviceAccounts/spotifyquiz-5b7ad@appspot.gserviceaccount.com:testIamPermissions  
 {"permissions":["iam.serviceAccounts.actAs"]}
[debug] [2021-02-28T01:06:03.232Z] <<< HTTP RESPONSE 200 {"content-type":"application/json; charset=UTF-8","vary":"X-Origin, Referer, Origin,Accept-Encoding","date":"Sun, 28 Feb 2021 01:06:03 GMT","server":"ESF","cache-control":"private","x-xss-protection":"0","x-frame-options":"SAMEORIGIN","x-content-type-options":"nosniff","alt-svc":"h3-29=\":443\"; ma=2592000,h3-T051=\":443\"; ma=2592000,h3-Q050=\":443\"; ma=2592000,h3-Q046=\":443\"; ma=2592000,h3-Q043=\":443\"; ma=2592000,quic=\":443\"; ma=2592000; v=\"46,43\"","accept-ranges":"none","transfer-encoding":"chunked"}
[info] 
[info] === Deploying to 'spotifyquiz-5b7ad'...
[info] 
[info] i  deploying functions dafs
[info] Running command: npm --prefix "$RESOURCE_DIR" run build
[info] ✔  functions: Finished running predeploy script. 
[info] i  functions: ensuring required API cloudfunctions.googleapis.com is enabled... 
[info] i  functions: ensuring required API cloudbuild.googleapis.com is enabled... 
[debug] [2021-02-28T01:06:08.528Z] >>> HTTP REQUEST GET https://serviceusage.googleapis.com/v1/projects/spotifyquiz-5b7ad/services/cloudfunctions.googleapis.com  
 
[debug] [2021-02-28T01:06:08.529Z] >>> HTTP REQUEST GET https://serviceusage.googleapis.com/v1/projects/spotifyquiz-5b7ad/services/runtimeconfig.googleapis.com  
 
[debug] [2021-02-28T01:06:08.529Z] >>> HTTP REQUEST GET https://serviceusage.googleapis.com/v1/projects/spotifyquiz-5b7ad/services/cloudbuild.googleapis.com  
 
[debug] [2021-02-28T01:06:09.379Z] <<< HTTP RESPONSE 200 {"content-type":"application/json; charset=UTF-8","vary":"X-Origin, Referer, Origin,Accept-Encoding","date":"Sun, 28 Feb 2021 01:06:09 GMT","server":"ESF","cache-control":"private","x-xss-protection":"0","x-frame-options":"SAMEORIGIN","x-content-type-options":"nosniff","alt-svc":"h3-29=\":443\"; ma=2592000,h3-T051=\":443\"; ma=2592000,h3-Q050=\":443\"; ma=2592000,h3-Q046=\":443\"; ma=2592000,h3-Q043=\":443\"; ma=2592000,quic=\":443\"; ma=2592000; v=\"46,43\"","accept-ranges":"none","transfer-encoding":"chunked"}
[debug] [2021-02-28T01:06:09.384Z] <<< HTTP RESPONSE 200 {"content-type":"application/json; charset=UTF-8","vary":"X-Origin, Referer, Origin,Accept-Encoding","date":"Sun, 28 Feb 2021 01:06:09 GMT","server":"ESF","cache-control":"private","x-xss-protection":"0","x-frame-options":"SAMEORIGIN","x-content-type-options":"nosniff","alt-svc":"h3-29=\":443\"; ma=2592000,h3-T051=\":443\"; ma=2592000,h3-Q050=\":443\"; ma=2592000,h3-Q046=\":443\"; ma=2592000,h3-Q043=\":443\"; ma=2592000,quic=\":443\"; ma=2592000; v=\"46,43\"","accept-ranges":"none","transfer-encoding":"chunked"}
[info] ✔  functions: required API cloudbuild.googleapis.com is enabled 
[debug] [2021-02-28T01:06:09.387Z] <<< HTTP RESPONSE 200 {"content-type":"application/json; charset=UTF-8","vary":"X-Origin, Referer, Origin,Accept-Encoding","date":"Sun, 28 Feb 2021 01:06:09 GMT","server":"ESF","cache-control":"private","x-xss-protection":"0","x-frame-options":"SAMEORIGIN","x-content-type-options":"nosniff","alt-svc":"h3-29=\":443\"; ma=2592000,h3-T051=\":443\"; ma=2592000,h3-Q050=\":443\"; ma=2592000,h3-Q046=\":443\"; ma=2592000,h3-Q043=\":443\"; ma=2592000,quic=\":443\"; ma=2592000; v=\"46,43\"","accept-ranges":"none","transfer-encoding":"chunked"}
[info] ✔  functions: required API cloudfunctions.googleapis.com is enabled 
[debug] [2021-02-28T01:06:09.388Z] >>> HTTP REQUEST GET https://firebase.googleapis.com/v1beta1/projects/spotifyquiz-5b7ad/adminSdkConfig  
 
[debug] [2021-02-28T01:06:09.991Z] <<< HTTP RESPONSE 200 {"content-type":"application/json; charset=UTF-8","vary":"X-Origin, Referer, Origin,Accept-Encoding","date":"Sun, 28 Feb 2021 01:06:09 GMT","server":"ESF","cache-control":"private","x-xss-protection":"0","x-frame-options":"SAMEORIGIN","x-content-type-options":"nosniff","alt-svc":"h3-29=\":443\"; ma=2592000,h3-T051=\":443\"; ma=2592000,h3-Q050=\":443\"; ma=2592000,h3-Q046=\":443\"; ma=2592000,h3-Q043=\":443\"; ma=2592000,quic=\":443\"; ma=2592000; v=\"46,43\"","accept-ranges":"none","transfer-encoding":"chunked"}
[info] i  functions: preparing functions directory for uploading... 
[debug] [2021-02-28T01:06:09.992Z] >>> HTTP REQUEST GET https://runtimeconfig.googleapis.com/v1beta1/projects/spotifyquiz-5b7ad/configs  
 
[debug] [2021-02-28T01:06:10.715Z] <<< HTTP RESPONSE 200 {"content-type":"application/json; charset=UTF-8","vary":"X-Origin, Referer, Origin,Accept-Encoding","date":"Sun, 28 Feb 2021 01:06:10 GMT","server":"ESF","cache-control":"private","x-xss-protection":"0","x-frame-options":"SAMEORIGIN","x-content-type-options":"nosniff","alt-svc":"h3-29=\":443\"; ma=2592000,h3-T051=\":443\"; ma=2592000,h3-Q050=\":443\"; ma=2592000,h3-Q046=\":443\"; ma=2592000,h3-Q043=\":443\"; ma=2592000,quic=\":443\"; ma=2592000; v=\"46,43\"","accept-ranges":"none","transfer-encoding":"chunked"}
[info] i  functions: packaged functions (47.46 KB) for uploading 
[debug] [2021-02-28T01:06:11.068Z] > [functions] package.json contents: {
  "name": "functions",
  "scripts": {
    "build": "tsc",
    "serve": "npm run build && firebase emulators:start --only functions",
    "shell": "npm run build && firebase functions:shell",
    "start": "npm run shell",
    "deploy": "firebase deploy --only functions",
    "logs": "firebase functions:log"
  },
  "engines": {
    "node": "12"
  },
  "main": "lib/index.js",
  "dependencies": {
    "firebase-admin": "^9.2.0",
    "firebase-functions": "^3.11.0"
  },
  "devDependencies": {
    "firebase-functions-test": "^0.2.0",
    "typescript": "^3.8.0"
  },
  "private": true
}
[debug] [2021-02-28T01:06:11.069Z] >>> HTTP REQUEST GET https://cloudfunctions.googleapis.com/v1/projects/spotifyquiz-5b7ad/locations/-/functions  
 
[debug] [2021-02-28T01:06:11.834Z] <<< HTTP RESPONSE 200 {"content-type":"application/json; charset=UTF-8","vary":"X-Origin, Referer, Origin,Accept-Encoding","date":"Sun, 28 Feb 2021 01:06:11 GMT","server":"ESF","cache-control":"private","x-xss-protection":"0","x-frame-options":"SAMEORIGIN","x-content-type-options":"nosniff","alt-svc":"h3-29=\":443\"; ma=2592000,h3-T051=\":443\"; ma=2592000,h3-Q050=\":443\"; ma=2592000,h3-Q046=\":443\"; ma=2592000,h3-Q043=\":443\"; ma=2592000,quic=\":443\"; ma=2592000; v=\"46,43\"","accept-ranges":"none","transfer-encoding":"chunked"}
[debug] [2021-02-28T01:06:11.835Z] >>> HTTP REQUEST POST https://cloudfunctions.googleapis.com/v1/projects/spotifyquiz-5b7ad/locations/us-central1/functions:generateUploadUrl  
 
[debug] [2021-02-28T01:06:12.549Z] <<< HTTP RESPONSE 200 {"content-type":"application/json; charset=UTF-8","vary":"X-Origin, Referer, Origin,Accept-Encoding","date":"Sun, 28 Feb 2021 01:06:12 GMT","server":"ESF","cache-control":"private","x-xss-protection":"0","x-frame-options":"SAMEORIGIN","x-content-type-options":"nosniff","alt-svc":"h3-29=\":443\"; ma=2592000,h3-T051=\":443\"; ma=2592000,h3-Q050=\":443\"; ma=2592000,h3-Q046=\":443\"; ma=2592000,h3-Q043=\":443\"; ma=2592000,quic=\":443\"; ma=2592000; v=\"46,43\"","accept-ranges":"none","transfer-encoding":"chunked"}
[debug] [2021-02-28T01:06:12.549Z] >>> HTTP REQUEST PUT https://storage.googleapis.com/gcf-upload-us-central1-506fa090-13c8-48f7-8748-d1b9430ce723/f5e8a0df-0ed8-4c35-945f-b5cfc0fdad6c.zip?GoogleAccessId=service-910056630156@gcf-admin-robot.iam.gserviceaccount.com&Expires=1614476172&Signature=fyjNYsIwmGXB62x2RnAHF2uO2E7jb9qdtbv8%2Fn4Gas02LIEieAgEZSr8RxjUJleJ7UAq9ZGq2ExDjgFl1fLL1EPfztPAL5EiC0l40pcpTsl%2BFOvuXZ4zkT1gt8AEWoGkseleg00v8Wv9qFuUZSZYNIgJpDk8VNgglQptHnViJt0huqHSvpfTgLogVfz9bzp0foTrlNMpPszYycfRODm0KHK6SxATBRWXqdEsRBUpPtcnd6W8s3O%2FemYVwVRS5zfJR1NqYFLgX4eJHxJSS1rvjDzCtsJMdStq%2FEe3gQDbShNsiFPADOawJzKwuMYak5BKXBpd3kfbtyA2k%2FSUpHd0NQ%3D%3D  
 <request body omitted>
[debug] [2021-02-28T01:06:12.780Z] <<< HTTP RESPONSE 200 {"x-guploader-uploadid":"ABg5-UxKtZ8DWkSMamtWoj2Xvc-8iyNrPzl09A0ZEsfKUCgFcSPk6GuE1RaP6ZAZQK9nzoEsPG4ZMFjYtep3IxAPbvM","etag":"\"673a107654276e3fe0d0b9648bdce4bf\"","x-goog-generation":"1614474372722101","x-goog-metageneration":"1","x-goog-hash":"crc32c=/M6zlg==, md5=ZzoQdlQnbj/g0Llki9zkvw==","x-goog-stored-content-length":"48602","x-goog-stored-content-encoding":"identity","vary":"Origin","content-length":"0","date":"Sun, 28 Feb 2021 01:06:12 GMT","server":"UploadServer","content-type":"text/html; charset=UTF-8","alt-svc":"h3-29=\":443\"; ma=2592000,h3-T051=\":443\"; ma=2592000,h3-Q050=\":443\"; ma=2592000,h3-Q046=\":443\"; ma=2592000,h3-Q043=\":443\"; ma=2592000,quic=\":443\"; ma=2592000; v=\"46,43\""}
[info] ✔  functions: functions folder uploaded successfully 
[info] i  functions: updating Node.js 12 function highScores(us-central1)... 
[debug] [2021-02-28T01:06:12.783Z] >>> HTTP REQUEST PATCH https://cloudfunctions.googleapis.com/v1/projects/spotifyquiz-5b7ad/locations/us-central1/functions/highScores {"updateMask":"sourceUploadUrl,name,labels,runtime,environmentVariables,eventTrigger.resource,eventTrigger.eventType,eventTrigger.service,eventTrigger.failurePolicy"} 
 {"sourceUploadUrl":"https://storage.googleapis.com/gcf-upload-us-central1-506fa090-13c8-48f7-8748-d1b9430ce723/f5e8a0df-0ed8-4c35-945f-b5cfc0fdad6c.zip?GoogleAccessId=service-910056630156@gcf-admin-robot.iam.gserviceaccount.com&Expires=1614476172&Signature=fyjNYsIwmGXB62x2RnAHF2uO2E7jb9qdtbv8%2Fn4Gas02LIEieAgEZSr8RxjUJleJ7UAq9ZGq2ExDjgFl1fLL1EPfztPAL5EiC0l40pcpTsl%2BFOvuXZ4zkT1gt8AEWoGkseleg00v8Wv9qFuUZSZYNIgJpDk8VNgglQptHnViJt0huqHSvpfTgLogVfz9bzp0foTrlNMpPszYycfRODm0KHK6SxATBRWXqdEsRBUpPtcnd6W8s3O%2FemYVwVRS5zfJR1NqYFLgX4eJHxJSS1rvjDzCtsJMdStq%2FEe3gQDbShNsiFPADOawJzKwuMYak5BKXBpd3kfbtyA2k%2FSUpHd0NQ%3D%3D","name":"projects/spotifyquiz-5b7ad/locations/us-central1/functions/highScores","labels":{"deployment-tool":"cli-firebase"},"eventTrigger":{"resource":"projects/spotifyquiz-5b7ad/databases/(default)/documents/Scores/{scoreId}","eventType":"providers/cloud.firestore/eventTypes/document.create","service":"firestore.googleapis.com"},"runtime":"nodejs12","environmentVariables":{"FIREBASE_CONFIG":"{\"projectId\":\"spotifyquiz-5b7ad\",\"storageBucket\":\"spotifyquiz-5b7ad.appspot.com\",\"locationId\":\"europe-west\"}"}}
[debug] [2021-02-28T01:06:13.677Z] <<< HTTP RESPONSE 200 {"content-type":"application/json; charset=UTF-8","vary":"X-Origin, Referer, Origin,Accept-Encoding","date":"Sun, 28 Feb 2021 01:06:13 GMT","server":"ESF","cache-control":"private","x-xss-protection":"0","x-frame-options":"SAMEORIGIN","x-content-type-options":"nosniff","alt-svc":"h3-29=\":443\"; ma=2592000,h3-T051=\":443\"; ma=2592000,h3-Q050=\":443\"; ma=2592000,h3-Q046=\":443\"; ma=2592000,h3-Q043=\":443\"; ma=2592000,quic=\":443\"; ma=2592000; v=\"46,43\"","accept-ranges":"none","transfer-encoding":"chunked"}
[debug] [2021-02-28T01:06:13.681Z] > refreshing access token with scopes: []
[debug] [2021-02-28T01:06:13.681Z] >>> HTTP REQUEST POST https://www.googleapis.com/oauth2/v3/token  
 <request body omitted>
[debug] [2021-02-28T01:06:13.731Z] <<< HTTP RESPONSE 200 {"expires":"Mon, 01 Jan 1990 00:00:00 GMT","cache-control":"no-cache, no-store, max-age=0, must-revalidate","date":"Sun, 28 Feb 2021 01:06:13 GMT","pragma":"no-cache","content-type":"application/json; charset=utf-8","vary":"X-Origin, Referer, Origin,Accept-Encoding","server":"scaffolding on HTTPServer2","x-xss-protection":"0","x-frame-options":"SAMEORIGIN","x-content-type-options":"nosniff","alt-svc":"h3-29=\":443\"; ma=2592000,h3-T051=\":443\"; ma=2592000,h3-Q050=\":443\"; ma=2592000,h3-Q046=\":443\"; ma=2592000,h3-Q043=\":443\"; ma=2592000,quic=\":443\"; ma=2592000; v=\"46,43\"","accept-ranges":"none","transfer-encoding":"chunked"}
[debug] [2021-02-28T01:06:13.754Z] >>> [apiv2][query] GET https://cloudfunctions.googleapis.com/v1/operations/c3BvdGlmeXF1aXotNWI3YWQvdXMtY2VudHJhbDEvaGlnaFNjb3Jlcy9RSGVOSTNucE81RQ [none]
[debug] [2021-02-28T01:06:13.979Z] <<< [apiv2][status] GET https://cloudfunctions.googleapis.com/v1/operations/c3BvdGlmeXF1aXotNWI3YWQvdXMtY2VudHJhbDEvaGlnaFNjb3Jlcy9RSGVOSTNucE81RQ 200
[debug] [2021-02-28T01:06:13.979Z] <<< [apiv2][body] GET https://cloudfunctions.googleapis.com/v1/operations/c3BvdGlmeXF1aXotNWI3YWQvdXMtY2VudHJhbDEvaGlnaFNjb3Jlcy9RSGVOSTNucE81RQ {"name":"operations/c3BvdGlmeXF1aXotNWI3YWQvdXMtY2VudHJhbDEvaGlnaFNjb3Jlcy9RSGVOSTNucE81RQ","metadata":{"@type":"type.googleapis.com/google.cloud.functions.v1.OperationMetadataV1","target":"projects/spotifyquiz-5b7ad/locations/us-central1/functions/highScores","type":"UPDATE_FUNCTION","request":{"@type":"type.googleapis.com/google.cloud.functions.v1.CloudFunction","name":"projects/spotifyquiz-5b7ad/locations/us-central1/functions/highScores","eventTrigger":{"eventType":"providers/cloud.firestore/eventTypes/document.create","resource":"projects/spotifyquiz-5b7ad/databases/(default)/documents/Scores/{scoreId}","service":"firestore.googleapis.com"},"status":"ACTIVE","entryPoint":"highScores","timeout":"60s","availableMemoryMb":256,"serviceAccountEmail":"spotifyquiz-5b7ad@appspot.gserviceaccount.com","updateTime":"2021-02-28T00:41:01.406Z","versionId":"1","labels":{"deployment-tool":"cli-firebase"},"sourceUploadUrl":"https://storage.googleapis.com/gcf-upload-us-central1-506fa090-13c8-48f7-8748-d1b9430ce723/f5e8a0df-0ed8-4c35-945f-b5cfc0fdad6c.zip?GoogleAccessId=service-910056630156@gcf-admin-robot.iam.gserviceaccount.com&Expires=1614476172&Signature=fyjNYsIwmGXB62x2RnAHF2uO2E7jb9qdtbv8%2Fn4Gas02LIEieAgEZSr8RxjUJleJ7UAq9ZGq2ExDjgFl1fLL1EPfztPAL5EiC0l40pcpTsl%2BFOvuXZ4zkT1gt8AEWoGkseleg00v8Wv9qFuUZSZYNIgJpDk8VNgglQptHnViJt0huqHSvpfTgLogVfz9bzp0foTrlNMpPszYycfRODm0KHK6SxATBRWXqdEsRBUpPtcnd6W8s3O%2FemYVwVRS5zfJR1NqYFLgX4eJHxJSS1rvjDzCtsJMdStq%2FEe3gQDbShNsiFPADOawJzKwuMYak5BKXBpd3kfbtyA2k%2FSUpHd0NQ%3D%3D","environmentVariables":{"FIREBASE_CONFIG":"{\"projectId\":\"spotifyquiz-5b7ad\",\"storageBucket\":\"spotifyquiz-5b7ad.appspot.com\",\"locationId\":\"europe-west\"}"},"runtime":"nodejs12","ingressSettings":"ALLOW_ALL","buildId":"d81c50c9-2dfc-4872-a107-72342464538c"},"versionId":"2","updateTime":"2021-02-28T01:06:13Z"}}
[debug] [2021-02-28T01:06:14.481Z] [update-projects/spotifyquiz-5b7ad/locations/us-central1/functions/highScores] Retrying task index 0
[debug] [2021-02-28T01:06:14.481Z] >>> [apiv2][query] GET https://cloudfunctions.googleapis.com/v1/operations/c3BvdGlmeXF1aXotNWI3YWQvdXMtY2VudHJhbDEvaGlnaFNjb3Jlcy9RSGVOSTNucE81RQ [none]
[debug] [2021-02-28T01:06:14.712Z] <<< [apiv2][status] GET https://cloudfunctions.googleapis.com/v1/operations/c3BvdGlmeXF1aXotNWI3YWQvdXMtY2VudHJhbDEvaGlnaFNjb3Jlcy9RSGVOSTNucE81RQ 200
[debug] [2021-02-28T01:06:14.712Z] <<< [apiv2][body] GET https://cloudfunctions.googleapis.com/v1/operations/c3BvdGlmeXF1aXotNWI3YWQvdXMtY2VudHJhbDEvaGlnaFNjb3Jlcy9RSGVOSTNucE81RQ {"name":"operations/c3BvdGlmeXF1aXotNWI3YWQvdXMtY2VudHJhbDEvaGlnaFNjb3Jlcy9RSGVOSTNucE81RQ","metadata":{"@type":"type.googleapis.com/google.cloud.functions.v1.OperationMetadataV1","target":"projects/spotifyquiz-5b7ad/locations/us-central1/functions/highScores","type":"UPDATE_FUNCTION","request":{"@type":"type.googleapis.com/google.cloud.functions.v1.CloudFunction","name":"projects/spotifyquiz-5b7ad/locations/us-central1/functions/highScores","eventTrigger":{"eventType":"providers/cloud.firestore/eventTypes/document.create","resource":"projects/spotifyquiz-5b7ad/databases/(default)/documents/Scores/{scoreId}","service":"firestore.googleapis.com"},"status":"ACTIVE","entryPoint":"highScores","timeout":"60s","availableMemoryMb":256,"serviceAccountEmail":"spotifyquiz-5b7ad@appspot.gserviceaccount.com","updateTime":"2021-02-28T00:41:01.406Z","versionId":"1","labels":{"deployment-tool":"cli-firebase"},"sourceUploadUrl":"https://storage.googleapis.com/gcf-upload-us-central1-506fa090-13c8-48f7-8748-d1b9430ce723/f5e8a0df-0ed8-4c35-945f-b5cfc0fdad6c.zip?GoogleAccessId=service-910056630156@gcf-admin-robot.iam.gserviceaccount.com&Expires=1614476172&Signature=fyjNYsIwmGXB62x2RnAHF2uO2E7jb9qdtbv8%2Fn4Gas02LIEieAgEZSr8RxjUJleJ7UAq9ZGq2ExDjgFl1fLL1EPfztPAL5EiC0l40pcpTsl%2BFOvuXZ4zkT1gt8AEWoGkseleg00v8Wv9qFuUZSZYNIgJpDk8VNgglQptHnViJt0huqHSvpfTgLogVfz9bzp0foTrlNMpPszYycfRODm0KHK6SxATBRWXqdEsRBUpPtcnd6W8s3O%2FemYVwVRS5zfJR1NqYFLgX4eJHxJSS1rvjDzCtsJMdStq%2FEe3gQDbShNsiFPADOawJzKwuMYak5BKXBpd3kfbtyA2k%2FSUpHd0NQ%3D%3D","environmentVariables":{"FIREBASE_CONFIG":"{\"projectId\":\"spotifyquiz-5b7ad\",\"storageBucket\":\"spotifyquiz-5b7ad.appspot.com\",\"locationId\":\"europe-west\"}"},"runtime":"nodejs12","ingressSettings":"ALLOW_ALL","buildId":"d81c50c9-2dfc-4872-a107-72342464538c"},"versionId":"2","updateTime":"2021-02-28T01:06:13Z","buildId":"764f0641-3cc7-44c0-8756-73bb200082ad"}}
[debug] [2021-02-28T01:06:15.712Z] [update-projects/spotifyquiz-5b7ad/locations/us-central1/functions/highScores] Retrying task index 0
[debug] [2021-02-28T01:06:15.712Z] >>> [apiv2][query] GET https://cloudfunctions.googleapis.com/v1/operations/c3BvdGlmeXF1aXotNWI3YWQvdXMtY2VudHJhbDEvaGlnaFNjb3Jlcy9RSGVOSTNucE81RQ [none]
[debug] [2021-02-28T01:06:15.936Z] <<< [apiv2][status] GET https://cloudfunctions.googleapis.com/v1/operations/c3BvdGlmeXF1aXotNWI3YWQvdXMtY2VudHJhbDEvaGlnaFNjb3Jlcy9RSGVOSTNucE81RQ 200
[debug] [2021-02-28T01:06:15.937Z] <<< [apiv2][body] GET https://cloudfunctions.googleapis.com/v1/operations/c3BvdGlmeXF1aXotNWI3YWQvdXMtY2VudHJhbDEvaGlnaFNjb3Jlcy9RSGVOSTNucE81RQ {"name":"operations/c3BvdGlmeXF1aXotNWI3YWQvdXMtY2VudHJhbDEvaGlnaFNjb3Jlcy9RSGVOSTNucE81RQ","metadata":{"@type":"type.googleapis.com/google.cloud.functions.v1.OperationMetadataV1","target":"projects/spotifyquiz-5b7ad/locations/us-central1/functions/highScores","type":"UPDATE_FUNCTION","request":{"@type":"type.googleapis.com/google.cloud.functions.v1.CloudFunction","name":"projects/spotifyquiz-5b7ad/locations/us-central1/functions/highScores","eventTrigger":{"eventType":"providers/cloud.firestore/eventTypes/document.create","resource":"projects/spotifyquiz-5b7ad/databases/(default)/documents/Scores/{scoreId}","service":"firestore.googleapis.com"},"status":"ACTIVE","entryPoint":"highScores","timeout":"60s","availableMemoryMb":256,"serviceAccountEmail":"spotifyquiz-5b7ad@appspot.gserviceaccount.com","updateTime":"2021-02-28T00:41:01.406Z","versionId":"1","labels":{"deployment-tool":"cli-firebase"},"sourceUploadUrl":"https://storage.googleapis.com/gcf-upload-us-central1-506fa090-13c8-48f7-8748-d1b9430ce723/f5e8a0df-0ed8-4c35-945f-b5cfc0fdad6c.zip?GoogleAccessId=service-910056630156@gcf-admin-robot.iam.gserviceaccount.com&Expires=1614476172&Signature=fyjNYsIwmGXB62x2RnAHF2uO2E7jb9qdtbv8%2Fn4Gas02LIEieAgEZSr8RxjUJleJ7UAq9ZGq2ExDjgFl1fLL1EPfztPAL5EiC0l40pcpTsl%2BFOvuXZ4zkT1gt8AEWoGkseleg00v8Wv9qFuUZSZYNIgJpDk8VNgglQptHnViJt0huqHSvpfTgLogVfz9bzp0foTrlNMpPszYycfRODm0KHK6SxATBRWXqdEsRBUpPtcnd6W8s3O%2FemYVwVRS5zfJR1NqYFLgX4eJHxJSS1rvjDzCtsJMdStq%2FEe3gQDbShNsiFPADOawJzKwuMYak5BKXBpd3kfbtyA2k%2FSUpHd0NQ%3D%3D","environmentVariables":{"FIREBASE_CONFIG":"{\"projectId\":\"spotifyquiz-5b7ad\",\"storageBucket\":\"spotifyquiz-5b7ad.appspot.com\",\"locationId\":\"europe-west\"}"},"runtime":"nodejs12","ingressSettings":"ALLOW_ALL","buildId":"d81c50c9-2dfc-4872-a107-72342464538c"},"versionId":"2","updateTime":"2021-02-28T01:06:13Z","buildId":"764f0641-3cc7-44c0-8756-73bb200082ad"}}
[debug] [2021-02-28T01:06:17.937Z] [update-projects/spotifyquiz-5b7ad/locations/us-central1/functions/highScores] Retrying task index 0
[debug] [2021-02-28T01:06:17.937Z] >>> [apiv2][query] GET https://cloudfunctions.googleapis.com/v1/operations/c3BvdGlmeXF1aXotNWI3YWQvdXMtY2VudHJhbDEvaGlnaFNjb3Jlcy9RSGVOSTNucE81RQ [none]
[debug] [2021-02-28T01:06:18.151Z] <<< [apiv2][status] GET https://cloudfunctions.googleapis.com/v1/operations/c3BvdGlmeXF1aXotNWI3YWQvdXMtY2VudHJhbDEvaGlnaFNjb3Jlcy9RSGVOSTNucE81RQ 200
[debug] [2021-02-28T01:06:18.151Z] <<< [apiv2][body] GET https://cloudfunctions.googleapis.com/v1/operations/c3BvdGlmeXF1aXotNWI3YWQvdXMtY2VudHJhbDEvaGlnaFNjb3Jlcy9RSGVOSTNucE81RQ {"name":"operations/c3BvdGlmeXF1aXotNWI3YWQvdXMtY2VudHJhbDEvaGlnaFNjb3Jlcy9RSGVOSTNucE81RQ","metadata":{"@type":"type.googleapis.com/google.cloud.functions.v1.OperationMetadataV1","target":"projects/spotifyquiz-5b7ad/locations/us-central1/functions/highScores","type":"UPDATE_FUNCTION","request":{"@type":"type.googleapis.com/google.cloud.functions.v1.CloudFunction","name":"projects/spotifyquiz-5b7ad/locations/us-central1/functions/highScores","eventTrigger":{"eventType":"providers/cloud.firestore/eventTypes/document.create","resource":"projects/spotifyquiz-5b7ad/databases/(default)/documents/Scores/{scoreId}","service":"firestore.googleapis.com"},"status":"ACTIVE","entryPoint":"highScores","timeout":"60s","availableMemoryMb":256,"serviceAccountEmail":"spotifyquiz-5b7ad@appspot.gserviceaccount.com","updateTime":"2021-02-28T00:41:01.406Z","versionId":"1","labels":{"deployment-tool":"cli-firebase"},"sourceUploadUrl":"https://storage.googleapis.com/gcf-upload-us-central1-506fa090-13c8-48f7-8748-d1b9430ce723/f5e8a0df-0ed8-4c35-945f-b5cfc0fdad6c.zip?GoogleAccessId=service-910056630156@gcf-admin-robot.iam.gserviceaccount.com&Expires=1614476172&Signature=fyjNYsIwmGXB62x2RnAHF2uO2E7jb9qdtbv8%2Fn4Gas02LIEieAgEZSr8RxjUJleJ7UAq9ZGq2ExDjgFl1fLL1EPfztPAL5EiC0l40pcpTsl%2BFOvuXZ4zkT1gt8AEWoGkseleg00v8Wv9qFuUZSZYNIgJpDk8VNgglQptHnViJt0huqHSvpfTgLogVfz9bzp0foTrlNMpPszYycfRODm0KHK6SxATBRWXqdEsRBUpPtcnd6W8s3O%2FemYVwVRS5zfJR1NqYFLgX4eJHxJSS1rvjDzCtsJMdStq%2FEe3gQDbShNsiFPADOawJzKwuMYak5BKXBpd3kfbtyA2k%2FSUpHd0NQ%3D%3D","environmentVariables":{"FIREBASE_CONFIG":"{\"projectId\":\"spotifyquiz-5b7ad\",\"storageBucket\":\"spotifyquiz-5b7ad.appspot.com\",\"locationId\":\"europe-west\"}"},"runtime":"nodejs12","ingressSettings":"ALLOW_ALL","buildId":"d81c50c9-2dfc-4872-a107-72342464538c"},"versionId":"2","updateTime":"2021-02-28T01:06:13Z","buildId":"764f0641-3cc7-44c0-8756-73bb200082ad"}}
[debug] [2021-02-28T01:06:22.155Z] [update-projects/spotifyquiz-5b7ad/locations/us-central1/functions/highScores] Retrying task index 0
[debug] [2021-02-28T01:06:22.155Z] >>> [apiv2][query] GET https://cloudfunctions.googleapis.com/v1/operations/c3BvdGlmeXF1aXotNWI3YWQvdXMtY2VudHJhbDEvaGlnaFNjb3Jlcy9RSGVOSTNucE81RQ [none]
[debug] [2021-02-28T01:06:22.358Z] <<< [apiv2][status] GET https://cloudfunctions.googleapis.com/v1/operations/c3BvdGlmeXF1aXotNWI3YWQvdXMtY2VudHJhbDEvaGlnaFNjb3Jlcy9RSGVOSTNucE81RQ 200
[debug] [2021-02-28T01:06:22.359Z] <<< [apiv2][body] GET https://cloudfunctions.googleapis.com/v1/operations/c3BvdGlmeXF1aXotNWI3YWQvdXMtY2VudHJhbDEvaGlnaFNjb3Jlcy9RSGVOSTNucE81RQ {"name":"operations/c3BvdGlmeXF1aXotNWI3YWQvdXMtY2VudHJhbDEvaGlnaFNjb3Jlcy9RSGVOSTNucE81RQ","metadata":{"@type":"type.googleapis.com/google.cloud.functions.v1.OperationMetadataV1","target":"projects/spotifyquiz-5b7ad/locations/us-central1/functions/highScores","type":"UPDATE_FUNCTION","request":{"@type":"type.googleapis.com/google.cloud.functions.v1.CloudFunction","name":"projects/spotifyquiz-5b7ad/locations/us-central1/functions/highScores","eventTrigger":{"eventType":"providers/cloud.firestore/eventTypes/document.create","resource":"projects/spotifyquiz-5b7ad/databases/(default)/documents/Scores/{scoreId}","service":"firestore.googleapis.com"},"status":"ACTIVE","entryPoint":"highScores","timeout":"60s","availableMemoryMb":256,"serviceAccountEmail":"spotifyquiz-5b7ad@appspot.gserviceaccount.com","updateTime":"2021-02-28T00:41:01.406Z","versionId":"1","labels":{"deployment-tool":"cli-firebase"},"sourceUploadUrl":"https://storage.googleapis.com/gcf-upload-us-central1-506fa090-13c8-48f7-8748-d1b9430ce723/f5e8a0df-0ed8-4c35-945f-b5cfc0fdad6c.zip?GoogleAccessId=service-910056630156@gcf-admin-robot.iam.gserviceaccount.com&Expires=1614476172&Signature=fyjNYsIwmGXB62x2RnAHF2uO2E7jb9qdtbv8%2Fn4Gas02LIEieAgEZSr8RxjUJleJ7UAq9ZGq2ExDjgFl1fLL1EPfztPAL5EiC0l40pcpTsl%2BFOvuXZ4zkT1gt8AEWoGkseleg00v8Wv9qFuUZSZYNIgJpDk8VNgglQptHnViJt0huqHSvpfTgLogVfz9bzp0foTrlNMpPszYycfRODm0KHK6SxATBRWXqdEsRBUpPtcnd6W8s3O%2FemYVwVRS5zfJR1NqYFLgX4eJHxJSS1rvjDzCtsJMdStq%2FEe3gQDbShNsiFPADOawJzKwuMYak5BKXBpd3kfbtyA2k%2FSUpHd0NQ%3D%3D","environmentVariables":{"FIREBASE_CONFIG":"{\"projectId\":\"spotifyquiz-5b7ad\",\"storageBucket\":\"spotifyquiz-5b7ad.appspot.com\",\"locationId\":\"europe-west\"}"},"runtime":"nodejs12","ingressSettings":"ALLOW_ALL","buildId":"d81c50c9-2dfc-4872-a107-72342464538c"},"versionId":"2","updateTime":"2021-02-28T01:06:13Z","buildId":"764f0641-3cc7-44c0-8756-73bb200082ad"}}
